#
# A fatal error has been detected by the Java Runtime Environment:
#
#  EXCEPTION_ACCESS_VIOLATION (0xc0000005) at pc=0x000001a4b9a81066, pid=14320, tid=0x0000000000003a10
#
# JRE version: OpenJDK Runtime Environment (8.0_302-b08) (build 1.8.0_302-b08)
# Java VM: OpenJDK 64-Bit Server VM (25.302-b08 mixed mode windows-amd64 compressed oops)
# Problematic frame:
# C  [OpenAL64.dll+0x11066]
#
# Failed to write core dump. Minidumps are not enabled by default on client versions of Windows
#
# If you would like to submit a bug report, please visit:
#   https://github.com/adoptium/adoptium-support/issues
# The crash happened outside the Java Virtual Machine in native code.
# See problematic frame for where to report the bug.
#

---------------  T H R E A D  ---------------

Current thread (0x000001a4b4340800):  JavaThread "Thread-7" [_thread_in_native, id=14864, stack(0x00000093fb000000,0x00000093fb100000)]

siginfo: ExceptionCode=0xc0000005, reading address 0x000001a4b436e004

Registers:
RAX=0x0000000000000004, RBX=0x000001a4b9df0090, RCX=0x000001a4b436e008, RDX=0x000001a4b436e004
RSP=0x00000093fb0fee60, RBP=0x00000000000000ff, RSI=0x000001a4b436a8cc, RDI=0x0000000000000000
R8 =0x0000000000000dce, R9 =0x000001a4b436a8cc, R10=0x000001a499f2431b, R11=0x0000000058251570
R12=0x0000000000000001, R13=0x000001a4b9bded10, R14=0x00000093fb0feff8, R15=0x000001a4b4340800
RIP=0x000001a4b9a81066, EFLAGS=0x0000000000010202

Top of Stack: (sp=0x00000093fb0fee60)
0x00000093fb0fee60:   0000000000000000 000001a4b4340800
0x00000093fb0fee70:   000001a4b9bded10 000001a4b4340800
0x00000093fb0fee80:   00000093fb0feff8 0000000000000000
0x00000093fb0fee90:   000001a4b4340800 000001a4b4368d80
0x00000093fb0feea0:   000001a4b9bded10 000001a4b9bded10
0x00000093fb0feeb0:   000001a4af413860 00000000580ea2f5
0x00000093fb0feec0:   00000093fb0ff660 000001a4af4137e0
0x00000093fb0feed0:   000001a4b4340800 00000093fb0feff8
0x00000093fb0feee0:   000001a4b9bded10 0000000000000000
0x00000093fb0feef0:   000001a4b436a8cc 00000000c0013e18
0x00000093fb0fef00:   00000093fb0fefc0 000001a4b9a8248f
0x00000093fb0fef10:   000001a4b9df0090 000001a4b9df0090
0x00000093fb0fef20:   000000000000ac44 000001a400000004
0x00000093fb0fef30:   0000000000000010 000001a499f24347
0x00000093fb0fef40:   000001a4b9bded10 000001a499f23c85
0x00000093fb0fef50:   000001a4b4340800 000001a4b9bded10 

Instructions: (pc=0x000001a4b9a81066)
0x000001a4b9a81046:   41 2b ec 81 3a 03 00 02 00 75 09 8b 01 89 84 24
0x000001a4b9a81056:   c8 00 00 00 49 83 c0 02 48 83 c1 08 4a 8d 14 86
0x000001a4b9a81066:   39 3a 75 af 4c 8d 84 24 c0 00 00 00 48 8d 15 d7
0x000001a4b9a81076:   2b 03 00 33 c9 e8 58 5f 00 00 b8 40 1f 00 00 4c 


Register to memory mapping:

RAX=0x0000000000000004 is an unknown value
RBX=0x000001a4b9df0090 is an unknown value
RCX=0x000001a4b436e008 is an unknown value
RDX=0x000001a4b436e004 is an unknown value
RSP=0x00000093fb0fee60 is pointing into the stack for thread: 0x000001a4b4340800
RBP=0x00000000000000ff is an unknown value
RSI=0x000001a4b436a8cc is an unknown value
RDI=0x0000000000000000 is an unknown value
R8 =0x0000000000000dce is an unknown value
R9 =0x000001a4b436a8cc is an unknown value
R10=0x000001a499f2431b is at code_begin+1915 in an Interpreter codelet
method entry point (kind = native)  [0x000001a499f23ba0, 0x000001a499f24e80]  4832 bytes
R11=0x0000000058251570 is an unknown value
R12=0x0000000000000001 is an unknown value
R13={method} {0x000001a4b9bded18} 'nalcCreateContext' '(JJ)J' in 'org/lwjgl/openal/ALC10'
R14=0x00000093fb0feff8 is pointing into the stack for thread: 0x000001a4b4340800
R15=0x000001a4b4340800 is a thread


Stack: [0x00000093fb000000,0x00000093fb100000],  sp=0x00000093fb0fee60,  free space=1019k
Native frames: (J=compiled Java code, j=interpreted, Vv=VM code, C=native code)
C  [OpenAL64.dll+0x11066]
C  [OpenAL64.dll+0x1248f]
C  0x000001a499f24347

Java frames: (J=compiled Java code, j=interpreted, Vv=VM code)
j  org.lwjgl.openal.ALC10.nalcCreateContext(JJ)J+0
j  org.lwjgl.openal.ALC10.alcCreateContext(Lorg/lwjgl/openal/ALCdevice;Ljava/nio/IntBuffer;)Lorg/lwjgl/openal/ALCcontext;+8
j  org.lwjgl.openal.AL.init(Ljava/lang/String;IIZZ)V+69
j  org.lwjgl.openal.AL.create(Ljava/lang/String;IIZZ)V+246
j  org.lwjgl.openal.AL.create(Ljava/lang/String;IIZ)V+5
j  org.lwjgl.openal.AL.create()V+6
j  paulscode.sound.libraries.LibraryLWJGLOpenAL.init()V+2
j  paulscode.sound.SoundSystem.CommandNewLibrary(Ljava/lang/Class;)V+260
j  paulscode.sound.SoundSystem.CommandQueue(Lpaulscode/sound/CommandObject;)Z+1206
j  paulscode.sound.CommandThread.run()V+51
v  ~StubRoutines::call_stub

---------------  P R O C E S S  ---------------

Java Threads: ( => current thread )
  0x000001a4af20a800 JavaThread "Thread-8" [_thread_blocked, id=14676, stack(0x00000093fb100000,0x00000093fb200000)]
=>0x000001a4b4340800 JavaThread "Thread-7" [_thread_in_native, id=14864, stack(0x00000093fb000000,0x00000093fb100000)]
  0x000001a4b050d000 JavaThread "Sound Library Loader" [_thread_blocked, id=5924, stack(0x00000093faf00000,0x00000093fb000000)]
  0x000001a4b1954000 JavaThread "Java2D Disposer" daemon [_thread_blocked, id=10508, stack(0x00000093fac00000,0x00000093fad00000)]
  0x000001a4b1953000 JavaThread "Timer hack thread" daemon [_thread_blocked, id=2672, stack(0x00000093fab00000,0x00000093fac00000)]
  0x000001a4afafe800 JavaThread "Discord RPC Callbacks" [_thread_in_Java, id=28184, stack(0x00000093fa900000,0x00000093faa00000)]
  0x000001a4b3c09800 JavaThread "Snooper Timer" daemon [_thread_blocked, id=17792, stack(0x00000093fa800000,0x00000093fa900000)]
  0x000001a4b3b84800 JavaThread "Snooper Timer" daemon [_thread_blocked, id=5296, stack(0x00000093fa600000,0x00000093fa700000)]
  0x000001a4aedb9800 JavaThread "Service Thread" daemon [_thread_blocked, id=7648, stack(0x00000093fa400000,0x00000093fa500000)]
  0x000001a4aed38800 JavaThread "C1 CompilerThread3" daemon [_thread_blocked, id=2784, stack(0x00000093fa300000,0x00000093fa400000)]
  0x000001a4aed2f800 JavaThread "C2 CompilerThread2" daemon [_thread_in_native, id=25228, stack(0x00000093fa200000,0x00000093fa300000)]
  0x000001a4aed2f000 JavaThread "C2 CompilerThread1" daemon [_thread_in_native, id=7500, stack(0x00000093fa100000,0x00000093fa200000)]
  0x000001a4aed2a000 JavaThread "C2 CompilerThread0" daemon [_thread_in_native, id=25476, stack(0x00000093fa000000,0x00000093fa100000)]
  0x000001a4aeaa3800 JavaThread "JDWP Command Reader" daemon [_thread_in_native, id=7948, stack(0x00000093f9f00000,0x00000093fa000000)]
  0x000001a4aea97000 JavaThread "JDWP Event Helper Thread" daemon [_thread_blocked, id=17648, stack(0x00000093f9e00000,0x00000093f9f00000)]
  0x000001a4aea91800 JavaThread "JDWP Transport Listener: dt_socket" daemon [_thread_blocked, id=17120, stack(0x00000093f9d00000,0x00000093f9e00000)]
  0x000001a4ac306800 JavaThread "Attach Listener" daemon [_thread_blocked, id=5104, stack(0x00000093f9c00000,0x00000093f9d00000)]
  0x000001a4ac306000 JavaThread "Signal Dispatcher" daemon [_thread_blocked, id=11988, stack(0x00000093f9b00000,0x00000093f9c00000)]
  0x000001a4ac2da800 JavaThread "Finalizer" daemon [_thread_blocked, id=26208, stack(0x00000093f9a00000,0x00000093f9b00000)]
  0x000001a4ac2d3000 JavaThread "Reference Handler" daemon [_thread_blocked, id=12404, stack(0x00000093f9900000,0x00000093f9a00000)]
  0x000001a4983a1000 JavaThread "Client thread" [_thread_in_Java, id=28604, stack(0x00000093f8d00000,0x00000093f8e00000)]

Other Threads:
  0x000001a4ac2ab800 VMThread [stack: 0x00000093f9800000,0x00000093f9900000] [id=23092]
  0x000001a4aedba000 WatcherThread [stack: 0x00000093fa500000,0x00000093fa600000] [id=10888]

VM state:not at safepoint (normal execution)

VM Mutex/Monitor currently owned by a thread: None

heap address: 0x00000000c0000000, size: 1024 MB, Compressed Oops mode: 32-bit
Narrow klass base: 0x0000000000000000, Narrow klass shift: 3
Compressed class space size: 1073741824 Address: 0x0000000100000000

Heap:
 PSYoungGen      total 305664K, used 51533K [0x00000000eab00000, 0x0000000100000000, 0x0000000100000000)
  eden space 262144K, 3% used [0x00000000eab00000,0x00000000eb3f3aa8,0x00000000fab00000)
  from space 43520K, 97% used [0x00000000fab00000,0x00000000fd45fc30,0x00000000fd580000)
  to   space 43520K, 0% used [0x00000000fd580000,0x00000000fd580000,0x0000000100000000)
 ParOldGen       total 699392K, used 8918K [0x00000000c0000000, 0x00000000eab00000, 0x00000000eab00000)
  object space 699392K, 1% used [0x00000000c0000000,0x00000000c08b59b8,0x00000000eab00000)
 Metaspace       used 32856K, capacity 33089K, committed 33536K, reserved 1079296K
  class space    used 4155K, capacity 4229K, committed 4352K, reserved 1048576K

Card table byte_map: [0x000001a4a92c0000,0x000001a4a94d0000] byte_map_base: 0x000001a4a8cc0000

Marking Bits: (ParMarkBitMap*) 0x000000005883c820
 Begin Bits: [0x000001a4a9630000, 0x000001a4aa630000)
 End Bits:   [0x000001a4aa630000, 0x000001a4ab630000)

Polling page: 0x000001a498630000

CodeCache: size=245760Kb used=8866Kb max_used=9981Kb free=236893Kb
 bounds [0x000001a499f00000, 0x000001a49a8e0000, 0x000001a4a8f00000]
 total_blobs=2945 nmethods=2301 adapters=565
 compilation: enabled

Compilation events (10 events):
Event: 9.593 Thread 0x000001a4aed38800 2714       3       net.minecraft.client.audio.SoundPoolEntry::<init> (27 bytes)
Event: 9.593 Thread 0x000001a4aed38800 nmethod 2714 0x000001a49a6229d0 code [0x000001a49a622b20, 0x000001a49a622cf8]
Event: 9.593 Thread 0x000001a4aed38800 2715       3       net.minecraft.client.audio.SoundList$SoundEntry::getSoundEntryPitch (5 bytes)
Event: 9.593 Thread 0x000001a4aed38800 nmethod 2715 0x000001a49a66e990 code [0x000001a49a66eae0, 0x000001a49a66ec38]
Event: 9.593 Thread 0x000001a4aed38800 2716       3       net.minecraft.client.audio.SoundList$SoundEntry::getSoundEntryVolume (5 bytes)
Event: 9.593 Thread 0x000001a4aed38800 nmethod 2716 0x000001a49a659150 code [0x000001a49a6592a0, 0x000001a49a6593f8]
Event: 9.597 Thread 0x000001a4aed2f800 2717       4       java.lang.StringBuilder::append (6 bytes)
Event: 9.598 Thread 0x000001a4aed2f800 nmethod 2717 0x000001a49a604e50 code [0x000001a49a604fa0, 0x000001a49a605028]
Event: 9.602 Thread 0x000001a4aed2f000 2718       4       java.util.Formatter$FormatSpecifier::checkBadFlags (39 bytes)
Event: 9.605 Thread 0x000001a4aed2f000 nmethod 2718 0x000001a49a09fe10 code [0x000001a49a09ff60, 0x000001a49a0a0258]

GC Heap History (6 events):
Event: 4.619 GC heap before
{Heap before GC invocations=1 (full 0):
 PSYoungGen      total 305664K, used 184098K [0x00000000eab00000, 0x0000000100000000, 0x0000000100000000)
  eden space 262144K, 70% used [0x00000000eab00000,0x00000000f5ec8a90,0x00000000fab00000)
  from space 43520K, 0% used [0x00000000fd580000,0x00000000fd580000,0x0000000100000000)
  to   space 43520K, 0% used [0x00000000fab00000,0x00000000fab00000,0x00000000fd580000)
 ParOldGen       total 699392K, used 0K [0x00000000c0000000, 0x00000000eab00000, 0x00000000eab00000)
  object space 699392K, 0% used [0x00000000c0000000,0x00000000c0000000,0x00000000eab00000)
 Metaspace       used 21124K, capacity 21220K, committed 21296K, reserved 1067008K
  class space    used 2899K, capacity 2932K, committed 2944K, reserved 1048576K
Event: 4.631 GC heap after
Heap after GC invocations=1 (full 0):
 PSYoungGen      total 305664K, used 9160K [0x00000000eab00000, 0x0000000100000000, 0x0000000100000000)
  eden space 262144K, 0% used [0x00000000eab00000,0x00000000eab00000,0x00000000fab00000)
  from space 43520K, 21% used [0x00000000fab00000,0x00000000fb3f2350,0x00000000fd580000)
  to   space 43520K, 0% used [0x00000000fd580000,0x00000000fd580000,0x0000000100000000)
 ParOldGen       total 699392K, used 80K [0x00000000c0000000, 0x00000000eab00000, 0x00000000eab00000)
  object space 699392K, 0% used [0x00000000c0000000,0x00000000c0014010,0x00000000eab00000)
 Metaspace       used 21124K, capacity 21220K, committed 21296K, reserved 1067008K
  class space    used 2899K, capacity 2932K, committed 2944K, reserved 1048576K
}
Event: 4.631 GC heap before
{Heap before GC invocations=2 (full 1):
 PSYoungGen      total 305664K, used 9160K [0x00000000eab00000, 0x0000000100000000, 0x0000000100000000)
  eden space 262144K, 0% used [0x00000000eab00000,0x00000000eab00000,0x00000000fab00000)
  from space 43520K, 21% used [0x00000000fab00000,0x00000000fb3f2350,0x00000000fd580000)
  to   space 43520K, 0% used [0x00000000fd580000,0x00000000fd580000,0x0000000100000000)
 ParOldGen       total 699392K, used 80K [0x00000000c0000000, 0x00000000eab00000, 0x00000000eab00000)
  object space 699392K, 0% used [0x00000000c0000000,0x00000000c0014010,0x00000000eab00000)
 Metaspace       used 21124K, capacity 21220K, committed 21296K, reserved 1067008K
  class space    used 2899K, capacity 2932K, committed 2944K, reserved 1048576K
Event: 4.658 GC heap after
Heap after GC invocations=2 (full 1):
 PSYoungGen      total 305664K, used 0K [0x00000000eab00000, 0x0000000100000000, 0x0000000100000000)
  eden space 262144K, 0% used [0x00000000eab00000,0x00000000eab00000,0x00000000fab00000)
  from space 43520K, 0% used [0x00000000fab00000,0x00000000fab00000,0x00000000fd580000)
  to   space 43520K, 0% used [0x00000000fd580000,0x00000000fd580000,0x0000000100000000)
 ParOldGen       total 699392K, used 8902K [0x00000000c0000000, 0x00000000eab00000, 0x00000000eab00000)
  object space 699392K, 1% used [0x00000000c0000000,0x00000000c08b19b8,0x00000000eab00000)
 Metaspace       used 21124K, capacity 21220K, committed 21296K, reserved 1067008K
  class space    used 2899K, capacity 2932K, committed 2944K, reserved 1048576K
}
Event: 7.426 GC heap before
{Heap before GC invocations=3 (full 1):
 PSYoungGen      total 305664K, used 262144K [0x00000000eab00000, 0x0000000100000000, 0x0000000100000000)
  eden space 262144K, 100% used [0x00000000eab00000,0x00000000fab00000,0x00000000fab00000)
  from space 43520K, 0% used [0x00000000fab00000,0x00000000fab00000,0x00000000fd580000)
  to   space 43520K, 0% used [0x00000000fd580000,0x00000000fd580000,0x0000000100000000)
 ParOldGen       total 699392K, used 8902K [0x00000000c0000000, 0x00000000eab00000, 0x00000000eab00000)
  object space 699392K, 1% used [0x00000000c0000000,0x00000000c08b19b8,0x00000000eab00000)
 Metaspace       used 27995K, capacity 28170K, committed 28416K, reserved 1073152K
  class space    used 3793K, capacity 3839K, committed 3840K, reserved 1048576K
Event: 7.445 GC heap after
Heap after GC invocations=3 (full 1):
 PSYoungGen      total 305664K, used 27505K [0x00000000eab00000, 0x0000000100000000, 0x0000000100000000)
  eden space 262144K, 0% used [0x00000000eab00000,0x00000000eab00000,0x00000000fab00000)
  from space 43520K, 63% used [0x00000000fd580000,0x00000000ff05c4f0,0x0000000100000000)
  to   space 43520K, 0% used [0x00000000fab00000,0x00000000fab00000,0x00000000fd580000)
 ParOldGen       total 699392K, used 8910K [0x00000000c0000000, 0x00000000eab00000, 0x00000000eab00000)
  object space 699392K, 1% used [0x00000000c0000000,0x00000000c08b39b8,0x00000000eab00000)
 Metaspace       used 27995K, capacity 28170K, committed 28416K, reserved 1073152K
  class space    used 3793K, capacity 3839K, committed 3840K, reserved 1048576K
}

Deoptimization events (10 events):
Event: 9.573 Thread 0x000001a4b4340800 Uncommon trap: reason=unhandled action=none pc=0x000001a49a3a5138 method=java.net.URLClassLoader.findClass(Ljava/lang/String;)Ljava/lang/Class; @ 44
Event: 9.574 Thread 0x000001a4b4340800 Uncommon trap: reason=unhandled action=none pc=0x000001a49a3a5138 method=java.net.URLClassLoader.findClass(Ljava/lang/String;)Ljava/lang/Class; @ 44
Event: 9.575 Thread 0x000001a4b4340800 Uncommon trap: reason=unhandled action=none pc=0x000001a49a3a5138 method=java.net.URLClassLoader.findClass(Ljava/lang/String;)Ljava/lang/Class; @ 44
Event: 9.577 Thread 0x000001a4b4340800 Uncommon trap: reason=unhandled action=none pc=0x000001a49a3a5138 method=java.net.URLClassLoader.findClass(Ljava/lang/String;)Ljava/lang/Class; @ 44
Event: 9.584 Thread 0x000001a4b4340800 Uncommon trap: reason=unhandled action=none pc=0x000001a49a3a5138 method=java.net.URLClassLoader.findClass(Ljava/lang/String;)Ljava/lang/Class; @ 44
Event: 9.586 Thread 0x000001a4b4340800 Uncommon trap: reason=unhandled action=none pc=0x000001a49a3a5138 method=java.net.URLClassLoader.findClass(Ljava/lang/String;)Ljava/lang/Class; @ 44
Event: 9.608 Thread 0x000001a4b4340800 Uncommon trap: reason=unhandled action=none pc=0x000001a49a3a5138 method=java.net.URLClassLoader.findClass(Ljava/lang/String;)Ljava/lang/Class; @ 44
Event: 9.610 Thread 0x000001a4b4340800 Uncommon trap: reason=unhandled action=none pc=0x000001a49a3a5138 method=java.net.URLClassLoader.findClass(Ljava/lang/String;)Ljava/lang/Class; @ 44
Event: 9.611 Thread 0x000001a4b4340800 Uncommon trap: reason=unhandled action=none pc=0x000001a49a3a5138 method=java.net.URLClassLoader.findClass(Ljava/lang/String;)Ljava/lang/Class; @ 44
Event: 9.612 Thread 0x000001a4b4340800 Uncommon trap: reason=unhandled action=none pc=0x000001a49a3a5138 method=java.net.URLClassLoader.findClass(Ljava/lang/String;)Ljava/lang/Class; @ 44

Classes redefined (0 events):
No events

Internal exceptions (10 events):
Event: 7.958 Thread 0x000001a4983a1000 Implicit null exception at 0x000001a49a66a5ac to 0x000001a49a66a5e2
Event: 9.070 Thread 0x000001a4b4211800 Exception <a 'java/net/UnknownHostException': optifine.net> (0x00000000f650e768) thrown at [J:\jenkins\tmp\workspace\build\src\hotspot\src\share\vm\prims\jni.cpp, line 738]
Event: 9.140 Thread 0x000001a4983a1000 Exception <a 'java/lang/UnsatisfiedLinkError': The specified procedure could not be found.
> (0x00000000f6c9c478) thrown at [J:\jenkins\tmp\workspace\build\src\hotspot\src\share\vm\prims\jni.cpp, line 738]
Event: 9.565 Thread 0x000001a4b4340800 Exception <a 'java/lang/InterruptedException': sleep interrupted> (0x00000000fa479cc8) thrown at [J:\jenkins\tmp\workspace\build\src\hotspot\src\share\vm\prims\jvm.cpp, line 3362]
Event: 9.578 Thread 0x000001a4b4340800 Exception <a 'java/security/PrivilegedActionException'> (0x00000000fa558f30) thrown at [J:\jenkins\tmp\workspace\build\src\hotspot\src\share\vm\prims\jvm.cpp, line 1523]
Event: 9.578 Thread 0x000001a4b4340800 Exception <a 'java/security/PrivilegedActionException'> (0x00000000fa55aa40) thrown at [J:\jenkins\tmp\workspace\build\src\hotspot\src\share\vm\prims\jvm.cpp, line 1523]
Event: 9.578 Thread 0x000001a4b4340800 Exception <a 'java/security/PrivilegedActionException'> (0x00000000fa55bb60) thrown at [J:\jenkins\tmp\workspace\build\src\hotspot\src\share\vm\prims\jvm.cpp, line 1523]
Event: 9.578 Thread 0x000001a4b4340800 Exception <a 'java/security/PrivilegedActionException'> (0x00000000fa561058) thrown at [J:\jenkins\tmp\workspace\build\src\hotspot\src\share\vm\prims\jvm.cpp, line 1523]
Event: 9.578 Thread 0x000001a4b4340800 Exception <a 'java/security/PrivilegedActionException'> (0x00000000fa561cb0) thrown at [J:\jenkins\tmp\workspace\build\src\hotspot\src\share\vm\prims\jvm.cpp, line 1523]
Event: 9.578 Thread 0x000001a4b4340800 Exception <a 'java/security/PrivilegedActionException'> (0x00000000fa5628d8) thrown at [J:\jenkins\tmp\workspace\build\src\hotspot\src\share\vm\prims\jvm.cpp, line 1523]

Events (10 events):
Event: 9.611 loading class org/lwjgl/openal/Util
Event: 9.611 loading class org/lwjgl/openal/Util done
Event: 9.611 Thread 0x000001a4b4340800 Uncommon trap: trap_request=0xffffffa7 fr.pc=0x000001a49a3a5138
Event: 9.611 Thread 0x000001a4b4340800 DEOPT PACKING pc=0x000001a49a3a5138 sp=0x00000093fb0fdd00
Event: 9.611 Thread 0x000001a4b4340800 DEOPT UNPACKING pc=0x000001a499f45583 sp=0x00000093fb0fdbd8 mode 2
Event: 9.612 loading class org/lwjgl/openal/OpenALException
Event: 9.612 loading class org/lwjgl/openal/OpenALException done
Event: 9.612 Thread 0x000001a4b4340800 Uncommon trap: trap_request=0xffffffa7 fr.pc=0x000001a49a3a5138
Event: 9.612 Thread 0x000001a4b4340800 DEOPT PACKING pc=0x000001a49a3a5138 sp=0x00000093fb0fd230
Event: 9.612 Thread 0x000001a4b4340800 DEOPT UNPACKING pc=0x000001a499f45583 sp=0x00000093fb0fd108 mode 2


Dynamic libraries:
0x00007ff709e50000 - 0x00007ff709e8a000 	C:\Program Files\Eclipse Foundation\jdk-8.0.302.8-hotspot\jre\bin\javaw.exe
0x00007fff783f0000 - 0x00007fff785e5000 	C:\Windows\SYSTEM32\ntdll.dll
0x00007fff77bd0000 - 0x00007fff77c8e000 	C:\Windows\System32\KERNEL32.DLL
0x00007fff75b10000 - 0x00007fff75dd9000 	C:\Windows\System32\KERNELBASE.dll
0x00007fff77240000 - 0x00007fff772ec000 	C:\Windows\System32\ADVAPI32.dll
0x00007fff769b0000 - 0x00007fff76a4e000 	C:\Windows\System32\msvcrt.dll
0x00007fff76580000 - 0x00007fff7661b000 	C:\Windows\System32\sechost.dll
0x00007fff78280000 - 0x00007fff783aa000 	C:\Windows\System32\RPCRT4.dll
0x00007fff76620000 - 0x00007fff767c1000 	C:\Windows\System32\USER32.dll
0x00007fff75f40000 - 0x00007fff75f62000 	C:\Windows\System32\win32u.dll
0x00007fff76920000 - 0x00007fff7694b000 	C:\Windows\System32\GDI32.dll
0x00007fff761e0000 - 0x00007fff762eb000 	C:\Windows\System32\gdi32full.dll
0x00007fff762f0000 - 0x00007fff7638d000 	C:\Windows\System32\msvcp_win.dll
0x00007fff75e40000 - 0x00007fff75f40000 	C:\Windows\System32\ucrtbase.dll
0x00007fff657a0000 - 0x00007fff65a3a000 	C:\Windows\WinSxS\amd64_microsoft.windows.common-controls_6595b64144ccf1df_6.0.19041.1110_none_60b5254171f9507e\COMCTL32.dll
0x00007fff77db0000 - 0x00007fff77de0000 	C:\Windows\System32\IMM32.DLL
0x00007fff33710000 - 0x00007fff337ff000 	C:\Program Files\Eclipse Foundation\jdk-8.0.302.8-hotspot\jre\bin\msvcr120.dll
0x00007fff33660000 - 0x00007fff33706000 	C:\Program Files\Eclipse Foundation\jdk-8.0.302.8-hotspot\jre\bin\msvcp120.dll
0x0000000058050000 - 0x00000000588bb000 	C:\Program Files\Eclipse Foundation\jdk-8.0.302.8-hotspot\jre\bin\server\jvm.dll
0x00007fff77740000 - 0x00007fff77748000 	C:\Windows\System32\PSAPI.DLL
0x00007fff6bf00000 - 0x00007fff6bf0a000 	C:\Windows\SYSTEM32\VERSION.dll
0x00007fff53fd0000 - 0x00007fff53fd9000 	C:\Windows\SYSTEM32\WSOCK32.dll
0x00007fff6bed0000 - 0x00007fff6bef7000 	C:\Windows\SYSTEM32\WINMM.dll
0x00007fff77c90000 - 0x00007fff77cfb000 	C:\Windows\System32\WS2_32.dll
0x00007fff73a50000 - 0x00007fff73a5f000 	C:\Program Files\Eclipse Foundation\jdk-8.0.302.8-hotspot\jre\bin\verify.dll
0x00007fff60140000 - 0x00007fff60169000 	C:\Program Files\Eclipse Foundation\jdk-8.0.302.8-hotspot\jre\bin\java.dll
0x00007fff5f9a0000 - 0x00007fff5f9d5000 	C:\Program Files\Eclipse Foundation\jdk-8.0.302.8-hotspot\jre\bin\jdwp.dll
0x00007fff71090000 - 0x00007fff71098000 	C:\Program Files\Eclipse Foundation\jdk-8.0.302.8-hotspot\jre\bin\npt.dll
0x00007fff5f970000 - 0x00007fff5f99a000 	C:\Program Files\Eclipse Foundation\jdk-8.0.302.8-hotspot\jre\bin\instrument.dll
0x00007fff56a40000 - 0x00007fff56a56000 	C:\Program Files\Eclipse Foundation\jdk-8.0.302.8-hotspot\jre\bin\zip.dll
0x00007fff76b00000 - 0x00007fff7723f000 	C:\Windows\System32\SHELL32.dll
0x00007fff73bf0000 - 0x00007fff74380000 	C:\Windows\SYSTEM32\windows.storage.dll
0x00007fff773e0000 - 0x00007fff77735000 	C:\Windows\System32\combase.dll
0x00007fff754f0000 - 0x00007fff7551c000 	C:\Windows\SYSTEM32\Wldp.dll
0x00007fff76a50000 - 0x00007fff76afe000 	C:\Windows\System32\SHCORE.dll
0x00007fff76950000 - 0x00007fff769a5000 	C:\Windows\System32\shlwapi.dll
0x00007fff75a50000 - 0x00007fff75a6f000 	C:\Windows\SYSTEM32\profapi.dll
0x00007fff6ea40000 - 0x00007fff6ea49000 	C:\Program Files\Eclipse Foundation\jdk-8.0.302.8-hotspot\jre\bin\dt_socket.dll
0x00007fff519a0000 - 0x00007fff519b7000 	C:\Windows\system32\napinsp.dll
0x00007fff51980000 - 0x00007fff5199b000 	C:\Windows\system32\pnrpnsp.dll
0x00007fff51960000 - 0x00007fff51975000 	C:\Windows\system32\wshbth.dll
0x00007fff70ea0000 - 0x00007fff70ebd000 	C:\Windows\system32\NLAapi.dll
0x00007fff74f40000 - 0x00007fff74f7b000 	C:\Windows\SYSTEM32\IPHLPAPI.DLL
0x00007fff75250000 - 0x00007fff752ba000 	C:\Windows\System32\mswsock.dll
0x00007fff74f80000 - 0x00007fff7504c000 	C:\Windows\SYSTEM32\DNSAPI.dll
0x00007fff76570000 - 0x00007fff76578000 	C:\Windows\System32\NSI.dll
0x00007fff51940000 - 0x00007fff51952000 	C:\Windows\System32\winrnr.dll
0x00007fff6c890000 - 0x00007fff6c90f000 	C:\Windows\System32\fwpuclnt.dll
0x00007fff76050000 - 0x00007fff76077000 	C:\Windows\System32\bcrypt.dll
0x00007fff6d300000 - 0x00007fff6d30a000 	C:\Windows\System32\rasadhlp.dll
0x00007fff6ea00000 - 0x00007fff6ea0d000 	C:\Program Files\Eclipse Foundation\jdk-8.0.302.8-hotspot\jre\bin\management.dll
0x00007fff55410000 - 0x00007fff5542a000 	C:\Program Files\Eclipse Foundation\jdk-8.0.302.8-hotspot\jre\bin\net.dll
0x00007fff4f180000 - 0x00007fff4f192000 	C:\Program Files\Eclipse Foundation\jdk-8.0.302.8-hotspot\jre\bin\nio.dll
0x0000000180000000 - 0x0000000180053000 	C:\Users\buddy\Desktop\VClient\jars\versions\1.8.8\1.8.8-natives\lwjgl64.dll
0x00007fff22aa0000 - 0x00007fff22bc5000 	C:\Windows\SYSTEM32\OPENGL32.dll
0x00007fff21f90000 - 0x00007fff21fbc000 	C:\Windows\SYSTEM32\GLU32.dll
0x00007fff75440000 - 0x00007fff75458000 	C:\Windows\SYSTEM32\CRYPTSP.dll
0x00007fff74bd0000 - 0x00007fff74c04000 	C:\Windows\system32\rsaenh.dll
0x00007fff759d0000 - 0x00007fff759fe000 	C:\Windows\SYSTEM32\USERENV.dll
0x00007fff75fc0000 - 0x00007fff76043000 	C:\Windows\System32\bcryptprimitives.dll
0x00007fff75460000 - 0x00007fff7546c000 	C:\Windows\SYSTEM32\CRYPTBASE.dll
0x00007fff6dc80000 - 0x00007fff6dc97000 	C:\Windows\SYSTEM32\dhcpcsvc6.DLL
0x00007fff6d3a0000 - 0x00007fff6d3bd000 	C:\Windows\SYSTEM32\dhcpcsvc.DLL
0x00007fff10380000 - 0x00007fff10515000 	C:\Program Files\Eclipse Foundation\jdk-8.0.302.8-hotspot\jre\bin\awt.dll
0x00007fff76850000 - 0x00007fff7691d000 	C:\Windows\System32\OLEAUT32.dll
0x00007fff72d10000 - 0x00007fff72da0000 	C:\Windows\SYSTEM32\apphelp.dll
0x000001a498700000 - 0x000001a498738000 	C:\Users\buddy\AppData\Local\Temp\jna\jna5147142299840016967.dll
0x00007fff240f0000 - 0x00007fff2418c000 	C:\Users\buddy\AppData\Local\Temp\discord-rpc\discord-rpc.dll
0x00007fff74390000 - 0x00007fff743a2000 	C:\Windows\SYSTEM32\kernel.appcore.dll
0x00007fff6fbb0000 - 0x00007fff6fc5e000 	C:\Windows\SYSTEM32\mscms.dll
0x00007fff6fb50000 - 0x00007fff6fb61000 	C:\Windows\SYSTEM32\ColorAdapterClient.dll
0x00007fff77d00000 - 0x00007fff77da9000 	C:\Windows\System32\clbcatq.dll
0x00007fff4f070000 - 0x00007fff4f0b4000 	C:\Windows\System32\Windows.Internal.Graphics.Display.DisplayColorManagement.dll
0x00007fff75f70000 - 0x00007fff75fbe000 	C:\Windows\System32\cfgmgr32.dll
0x00007fff72ef0000 - 0x00007fff72f8e000 	C:\Windows\system32\uxtheme.dll
0x00007fff78070000 - 0x00007fff78185000 	C:\Windows\System32\MSCTF.dll
0x00007fff68a20000 - 0x00007fff68b19000 	C:\Windows\SYSTEM32\textinputframework.dll
0x00007fff72400000 - 0x00007fff7275e000 	C:\Windows\System32\CoreUIComponents.dll
0x00007fff72ae0000 - 0x00007fff72bd2000 	C:\Windows\System32\CoreMessaging.dll
0x00007fff74800000 - 0x00007fff74833000 	C:\Windows\SYSTEM32\ntmarta.dll
0x00007fff71340000 - 0x00007fff71494000 	C:\Windows\SYSTEM32\wintypes.dll
0x00007fff4c1c0000 - 0x00007fff4c226000 	C:\Windows\system32\Oleacc.dll
0x00007fff6dea0000 - 0x00007fff6df99000 	C:\Windows\System32\AppXDeploymentClient.dll
0x00007fff71020000 - 0x00007fff7104a000 	C:\Windows\System32\DriverStore\FileRepository\u0363596.inf_amd64_260b85ede5e8fd43\B363552\atig6pxx.dll
0x00007ffef6270000 - 0x00007ffef9015000 	C:\Windows\System32\DriverStore\FileRepository\u0363596.inf_amd64_260b85ede5e8fd43\B363552\atio6axx.dll
0x00007fff77750000 - 0x00007fff77bc2000 	C:\Windows\System32\SETUPAPI.dll
0x00007fff76440000 - 0x00007fff7656a000 	C:\Windows\System32\ole32.dll
0x00007fff511d0000 - 0x00007fff511f4000 	C:\Windows\SYSTEM32\dxva2.dll
0x00007fff731b0000 - 0x00007fff731df000 	C:\Windows\SYSTEM32\dwmapi.dll
0x00007fff71050000 - 0x00007fff7108c000 	C:\Windows\System32\DriverStore\FileRepository\u0363596.inf_amd64_260b85ede5e8fd43\B363552\atig6txx.dll
0x00007fff163f0000 - 0x00007fff165af000 	C:\Windows\SYSTEM32\atiadlxx.dll
0x00007fff72fb0000 - 0x00007fff730a6000 	C:\Windows\SYSTEM32\PROPSYS.dll
0x00007fff75840000 - 0x00007fff75874000 	C:\Windows\SYSTEM32\DEVOBJ.dll
0x00007fff75de0000 - 0x00007fff75e40000 	C:\Windows\System32\WINTRUST.dll
0x00007fff76080000 - 0x00007fff761d6000 	C:\Windows\System32\CRYPT32.dll
0x00007fff75680000 - 0x00007fff75692000 	C:\Windows\SYSTEM32\MSASN1.dll
0x00007fff6c910000 - 0x00007fff6c94b000 	C:\Windows\SYSTEM32\dxcore.dll
0x00007fff411d0000 - 0x00007fff41213000 	C:\Windows\SYSTEM32\icm32.dll
0x0000000070a40000 - 0x0000000070adc000 	C:\Users\buddy\Desktop\VClient\jars\versions\1.8.8\1.8.8-natives\avutil-ttv-51.dll
0x0000000065980000 - 0x00000000659d6000 	C:\Users\buddy\Desktop\VClient\jars\versions\1.8.8\1.8.8-natives\swresample-ttv-0.dll
0x000000006eb80000 - 0x000000006ec50000 	C:\Users\buddy\Desktop\VClient\jars\versions\1.8.8\1.8.8-natives\libmp3lame-ttv.dll
0x00007ffecb5e0000 - 0x00007ffecc984000 	C:\Users\buddy\Desktop\VClient\jars\versions\1.8.8\1.8.8-natives\libmfxsw64.dll
0x00007fff0d1b0000 - 0x00007fff0d31d000 	C:\Users\buddy\Desktop\VClient\jars\versions\1.8.8\1.8.8-natives\twitchsdk.dll
0x00007fff5e820000 - 0x00007fff5ecf0000 	C:\Windows\SYSTEM32\WININET.dll
0x000001a4b9a70000 - 0x000001a4b9ad4000 	C:\Users\buddy\Desktop\VClient\jars\versions\1.8.8\1.8.8-natives\OpenAL64.dll
0x00007fff69370000 - 0x00007fff693f5000 	C:\Windows\System32\MMDevApi.dll
0x00007fff24050000 - 0x00007fff240ec000 	C:\Windows\SYSTEM32\dsound.dll
0x00007fff758d0000 - 0x00007fff7591b000 	C:\Windows\SYSTEM32\powrprof.dll
0x00007fff65c80000 - 0x00007fff65ca6000 	C:\Windows\SYSTEM32\winmmbase.dll
0x00007fff75880000 - 0x00007fff75892000 	C:\Windows\SYSTEM32\UMPDC.dll
0x00007fff69400000 - 0x00007fff69581000 	C:\Windows\SYSTEM32\AUDIOSES.DLL
0x00007fff73830000 - 0x00007fff73a14000 	C:\Windows\SYSTEM32\dbghelp.dll

VM Arguments:
jvm_args: -agentlib:jdwp=transport=dt_socket,suspend=y,address=localhost:64964 -Xmx1024M -Xms1024M -Djava.library.path=C:\Users\buddy\Desktop\VClient\jars\versions\1.8.8\1.8.8-natives -javaagent:C:\Users\buddy\eclipse\java-2021-06\eclipse\configuration\org.eclipse.osgi\222\0\.cp\lib\javaagent-shaded.jar -Dfile.encoding=Cp1252 
java_command: Start
java_class_path (initial): C:\Users\buddy\Desktop\VClient\eclipse\Client\bin;C:\Users\buddy\Desktop\VClient\jars\versions\1.8.8\1.8.8.jar;C:\Users\buddy\Desktop\VClient\jars\libraries\oshi-project\oshi-core\1.1\oshi-core-1.1.jar;C:\Users\buddy\Desktop\VClient\jars\libraries\net\java\dev\jna\jna\3.4.0\jna-3.4.0.jar;C:\Users\buddy\Desktop\VClient\jars\libraries\net\java\dev\jna\platform\3.4.0\platform-3.4.0.jar;C:\Users\buddy\Desktop\VClient\jars\libraries\com\ibm\icu\icu4j-core-mojang\51.2\icu4j-core-mojang-51.2.jar;C:\Users\buddy\Desktop\VClient\jars\libraries\net\sf\jopt-simple\jopt-simple\4.6\jopt-simple-4.6.jar;C:\Users\buddy\Desktop\VClient\jars\libraries\com\paulscode\codecjorbis\20101023\codecjorbis-20101023.jar;C:\Users\buddy\Desktop\VClient\jars\libraries\com\paulscode\codecwav\20101023\codecwav-20101023.jar;C:\Users\buddy\Desktop\VClient\jars\libraries\com\paulscode\libraryjavasound\20101123\libraryjavasound-20101123.jar;C:\Users\buddy\Desktop\VClient\jars\libraries\com\paulscode\librarylwjglopenal\20100824\librarylwjglopenal-20100824.jar;C:\Users\buddy\Desktop\VClient\jars\libraries\com\paulscode\soundsystem\20120107\soundsystem-20120107.jar;C:\Users\buddy\Desktop\VClient\jars\libraries\io\netty\netty-all\4.0.23.Final\netty-all-4.0.23.Final.jar;C:\Users\buddy\Desktop\VClient\jars\libraries\com\google\guava\guava\17.0\guava-17.0.jar;C:\Users\buddy\Desktop\VClient\jars\libraries\org\apache\commons\commons-lang3\3.3.2\commons-lang3-3.3.2.jar;C:\Users\buddy\Desktop\VClient\jars\libraries\commons-io\commons-io\2.4\commons-io-2.4.jar;C:\Users\buddy\Desktop\VClient\jars\libraries\commons-codec\commons-codec\1.9\commons-codec-1.9.jar;C:\Users\buddy\Desktop\VClient\jars\libraries\net\java\jinput\jinput\2.0.5\jinput-2.0.5.jar;C:\Users\buddy\Desktop\VClient\jars\libraries\net\java\jutils\jutils\1.0.0\jutils-1.0.0.jar;C:\Users\buddy\Desktop\VClient\jars\libraries\com\google\code\gson\gson\2.2.4\gson-2.2.4.jar;C:\Users\buddy\Desktop\VClient\jars\libraries\com\mojang\
Launcher Type: SUN_STANDARD

Environment Variables:
PATH=C:\Program Files\Eclipse Foundation\jdk-8.0.302.8-hotspot\jre\bin;C:/Program Files/Java/jdk-16.0.2/bin/server;C:/Program Files/Java/jdk-16.0.2/bin;C:\Program Files\Eclipse Foundation\jdk-8.0.302.8-hotspot\bin;C:\Program Files\Eclipse Foundation\jdk-11.0.12.7-hotspot\bin;C:\Program Files\Common Files\Oracle\Java\javapath;C:\Program Files (x86)\Common Files\Oracle\Java\javapath;C:\Windows\system32;C:\Windows;C:\Windows\System32\Wbem;C:\Windows\System32\WindowsPowerShell\v1.0\;C:\Windows\System32\OpenSSH\;C:\Program Files\Git\cmd;C:\Program Files\dotnet\;C:\Users\buddy\AppData\Local\Microsoft\WindowsApps;C:\Users\buddy\AppData\Local\Programs\Microsoft VS Code\bin;C:\Users\buddy\AppData\Local\GitHubDesktop\bin;C:\Users\buddy\.dotnet\tools;C:\Users\buddy\eclipse\java-2021-06\eclipse;
USERNAME=buddy
OS=Windows_NT
PROCESSOR_IDENTIFIER=AMD64 Family 23 Model 104 Stepping 1, AuthenticAMD



---------------  S Y S T E M  ---------------

OS: Windows 10.0 , 64 bit Build 19041 (10.0.19041.1202)

CPU:total 12 (initial active 12) (12 cores per cpu, 1 threads per core) family 23 model 104 stepping 1, cmov, cx8, fxsr, mmx, sse, sse2, sse3, ssse3, sse4.1, sse4.2, popcnt, avx, avx2, aes, clmul, mmxext, 3dnowpref, lzcnt, sse4a, tsc, tscinvbit, tscinv, bmi1

Memory: 4k page, physical 7711548k(533360k free), swap 27775312k(7156984k free)

vm_info: OpenJDK 64-Bit Server VM (25.302-b08) for windows-amd64 JRE (1.8.0_302-b08), built on Jul 20 2021 21:31:03 by "jenkins" with MS VC++ 12.0 (VS2013)

time: Tue Sep 28 00:00:27 2021
timezone: Central Daylight Time
elapsed time: 9.662262 seconds (0d 0h 0m 9s)

